<?xml version="1.0" encoding="UTF-8"?>
<!-- Generated by org.testng.reporters.JUnitReportReporter -->
<testsuite hostname="Dark-Saber" failures="0" tests="4" name="API.Test.UserTests" time="26.627" errors="0" timestamp="2025-06-21T16:48:20 IST" skipped="0">
  <testcase classname="API.Test.UserTests" name="TestPostUser" time="7.810"/>
  <testcase classname="API.Test.UserTests" name="TestGetUser" time="4.718"/>
  <testcase classname="API.Test.UserTests" name="TestUpdateUser" time="9.352"/>
  <testcase classname="API.Test.UserTests" name="TestDeleteUser" time="4.747"/>
</testsuite> <!-- API.Test.UserTests -->
