<?xml version="1.0" encoding="UTF-8"?>
<!-- Generated by org.testng.reporters.JUnitReportReporter -->
<testsuite hostname="Dark-Saber" failures="0" tests="1" name="BasicRequest.ParsingJsonResponse" time="1.185" errors="0" timestamp="2025-06-07T17:45:04 IST" skipped="0">
  <testcase classname="BasicRequest.ParsingJsonResponse" name="TestJsonField" time="1.185"/>
</testsuite> <!-- BasicRequest.ParsingJsonResponse -->
