<?xml version="1.0" encoding="UTF-8"?>
<!-- Generated by org.testng.reporters.JUnitReportReporter -->
<testsuite hostname="Dark-Saber" failures="0" tests="6" name="API.Test.DataDrivenTest" time="28.501" errors="0" timestamp="2025-06-20T09:58:25 IST" skipped="0">
  <testcase classname="API.Test.DataDrivenTest" name="TestPostUsers" time="6.210"/>
  <testcase classname="API.Test.DataDrivenTest" name="TestPostUsers" time="4.511"/>
  <testcase classname="API.Test.DataDrivenTest" name="TestPostUsers" time="4.473"/>
  <testcase classname="API.Test.DataDrivenTest" name="TestDeleteUser" time="4.437"/>
  <testcase classname="API.Test.DataDrivenTest" name="TestDeleteUser" time="4.441"/>
  <testcase classname="API.Test.DataDrivenTest" name="TestDeleteUser" time="4.429"/>
</testsuite> <!-- API.Test.DataDrivenTest -->
