<?xml version="1.0" encoding="UTF-8"?>
<!-- Generated by org.testng.reporters.JUnitReportReporter -->
<testsuite hostname="Dark-Saber" failures="0" tests="1" name="BasicRequest.Authentication" time="6.470" errors="0" timestamp="2025-06-13T09:04:37 IST" skipped="0">
  <testcase classname="BasicRequest.Authentication" name="BasicAuthOne" time="6.470"/>
</testsuite> <!-- BasicRequest.Authentication -->
