<?xml version="1.0" encoding="UTF-8"?>
<!-- Generated by org.testng.reporters.JUnitReportReporter -->
<testsuite hostname="Dark-Saber" failures="0" tests="4" name="BasicRequest.HTTPReq" time="6.790" errors="0" timestamp="2025-06-18T08:44:35 IST" skipped="0">
  <testcase classname="BasicRequest.HTTPReq" name="createUser" time="4.783"/>
  <testcase classname="BasicRequest.HTTPReq" name="getUsers" time="0.613"/>
  <testcase classname="BasicRequest.HTTPReq" name="UpdateUser" time="0.680"/>
  <testcase classname="BasicRequest.HTTPReq" name="DeleteUser" time="0.714"/>
</testsuite> <!-- BasicRequest.HTTPReq -->
