<?xml version="1.0" encoding="UTF-8"?>
<!-- Generated by org.testng.reporters.JUnitReportReporter -->
<testsuite hostname="Dark-Saber" failures="0" tests="5" name="NewFW.Day1Crud" time="6.771" errors="0" timestamp="2025-10-08T08:17:52 IST" skipped="0">
  <testcase classname="NewFW.Day1Crud" name="DelMeth" time="0.572"/>
  <testcase classname="NewFW.Day1Crud" name="PostMeth" time="0.541"/>
  <testcase classname="NewFW.Day1Crud" name="getMethod" time="0.383"/>
  <testcase classname="NewFW.Day1Crud" name="PUTMeth" time="0.813"/>
  <testcase classname="NewFW.Day1Crud" name="Bddgetmethod" time="4.462"/>
</testsuite> <!-- NewFW.Day1Crud -->
