<?xml version="1.0" encoding="UTF-8"?>
<!-- Generated by org.testng.reporters.JUnitReportReporter -->
<testsuite hostname="Dark-Saber" failures="0" tests="1" name="NewFW.RespHead" time="1.775" errors="0" timestamp="2025-10-08T09:47:51 IST" skipped="0">
  <testcase classname="NewFW.RespHead" name="singleUsr" time="1.775"/>
</testsuite> <!-- NewFW.RespHead -->
