<?xml version="1.0" encoding="UTF-8"?>
<!-- Generated by org.testng.reporters.JUnitReportReporter -->
<testsuite hostname="Dark-Saber" failures="0" tests="1" name="BasicRequest.HTTPReq" time="2.856" errors="0" timestamp="2025-05-30T08:32:49 IST" skipped="0">
  <testcase classname="BasicRequest.HTTPReq" name="createUser" time="2.856"/>
</testsuite> <!-- BasicRequest.HTTPReq -->
