<?xml version="1.0" encoding="UTF-8"?>
<!-- Generated by org.testng.reporters.JUnitReportReporter -->
<testsuite hostname="Dark-Saber" failures="0" tests="4" name="API.Test.UserTests" time="27.527" errors="0" timestamp="2025-06-21T16:53:48 IST" skipped="0">
  <testcase classname="API.Test.UserTests" name="TestPostUser" time="8.817"/>
  <testcase classname="API.Test.UserTests" name="TestGetUser" time="4.685"/>
  <testcase classname="API.Test.UserTests" name="TestUpdateUser" time="9.396"/>
  <testcase classname="API.Test.UserTests" name="TestDeleteUser" time="4.629"/>
</testsuite> <!-- API.Test.UserTests -->
