<?xml version="1.0" encoding="UTF-8"?>
<!-- Generated by org.testng.reporters.JUnitReportReporter -->
<testsuite hostname="Dark-Saber" failures="0" tests="1" name="NewFW.Day1Crud" time="2.332" errors="0" timestamp="2025-10-07T21:41:07 IST" skipped="0">
  <testcase classname="NewFW.Day1Crud" name="PUTMeth" time="2.332"/>
</testsuite> <!-- NewFW.Day1Crud -->
